{"level":"info","message":"Server running on port 3000","timestamp":"2024-05-27T05:59:34.883Z"}
{"level":"info","message":"Table created or already exists.","timestamp":"2024-05-27T05:59:34.891Z"}
{"level":"info","message":"Inserted 1학년 1반 with count 0","timestamp":"2024-05-27T05:59:34.905Z"}
{"level":"info","message":"Inserted 1학년 2반 with count 0","timestamp":"2024-05-27T05:59:34.913Z"}
{"level":"info","message":"Inserted 1학년 3반 with count 0","timestamp":"2024-05-27T05:59:34.923Z"}
{"level":"info","message":"Inserted 1학년 4반 with count 0","timestamp":"2024-05-27T05:59:34.932Z"}
{"level":"info","message":"Inserted 1학년 5반 with count 0","timestamp":"2024-05-27T05:59:34.941Z"}
{"level":"info","message":"Inserted 2학년 1반 with count 0","timestamp":"2024-05-27T05:59:34.950Z"}
{"level":"info","message":"Inserted 2학년 2반 with count 0","timestamp":"2024-05-27T05:59:34.959Z"}
{"level":"info","message":"Inserted 2학년 3반 with count 0","timestamp":"2024-05-27T05:59:34.967Z"}
{"level":"info","message":"Inserted 2학년 4반 with count 0","timestamp":"2024-05-27T05:59:34.976Z"}
{"level":"info","message":"Inserted 2학년 5반 with count 0","timestamp":"2024-05-27T05:59:34.986Z"}
{"level":"info","message":"Inserted 3학년 1반 with count 0","timestamp":"2024-05-27T05:59:34.995Z"}
{"level":"info","message":"Inserted 3학년 2반 with count 0","timestamp":"2024-05-27T05:59:35.003Z"}
{"level":"info","message":"Inserted 3학년 3반 with count 0","timestamp":"2024-05-27T05:59:35.011Z"}
{"level":"info","message":"Inserted 3학년 4반 with count 0","timestamp":"2024-05-27T05:59:35.020Z"}
{"level":"info","message":"Inserted 3학년 5반 with count 0","timestamp":"2024-05-27T05:59:35.030Z"}
{"level":"info","message":"Inserted 4학년 1반 with count 0","timestamp":"2024-05-27T05:59:35.039Z"}
{"level":"info","message":"Inserted 4학년 2반 with count 0","timestamp":"2024-05-27T05:59:35.046Z"}
{"level":"info","message":"Inserted 4학년 3반 with count 0","timestamp":"2024-05-27T05:59:35.055Z"}
{"level":"info","message":"Inserted 4학년 4반 with count 0","timestamp":"2024-05-27T05:59:35.064Z"}
{"level":"info","message":"Inserted 5학년 1반 with count 0","timestamp":"2024-05-27T05:59:35.073Z"}
{"level":"info","message":"Inserted 5학년 2반 with count 0","timestamp":"2024-05-27T05:59:35.082Z"}
{"level":"info","message":"Inserted 5학년 3반 with count 0","timestamp":"2024-05-27T05:59:35.091Z"}
{"level":"info","message":"Inserted 5학년 4반 with count 0","timestamp":"2024-05-27T05:59:35.100Z"}
{"level":"info","message":"Inserted 5학년 5반 with count 0","timestamp":"2024-05-27T05:59:35.108Z"}
{"level":"info","message":"Inserted 5학년 6반 with count 0","timestamp":"2024-05-27T05:59:35.117Z"}
{"level":"info","message":"Inserted 6학년 1반 with count 0","timestamp":"2024-05-27T05:59:35.123Z"}
{"level":"info","message":"Inserted 6학년 2반 with count 0","timestamp":"2024-05-27T05:59:35.132Z"}
{"level":"info","message":"Inserted 6학년 3반 with count 0","timestamp":"2024-05-27T05:59:35.141Z"}
{"level":"info","message":"Inserted 6학년 4반 with count 0","timestamp":"2024-05-27T05:59:35.148Z"}
{"level":"info","message":"Inserted 6학년 5반 with count 0","timestamp":"2024-05-27T05:59:35.157Z"}
{"level":"info","message":"Inserted 6학년 6반 with count 0","timestamp":"2024-05-27T05:59:35.166Z"}
{"0":{"class":"1반","count":0,"grade":"1학년","id":1},"1":{"class":"2반","count":0,"grade":"1학년","id":2},"10":{"class":"1반","count":0,"grade":"3학년","id":11},"11":{"class":"2반","count":0,"grade":"3학년","id":12},"12":{"class":"3반","count":0,"grade":"3학년","id":13},"13":{"class":"4반","count":0,"grade":"3학년","id":14},"14":{"class":"5반","count":0,"grade":"3학년","id":15},"15":{"class":"1반","count":0,"grade":"4학년","id":16},"16":{"class":"2반","count":0,"grade":"4학년","id":17},"17":{"class":"3반","count":0,"grade":"4학년","id":18},"18":{"class":"4반","count":0,"grade":"4학년","id":19},"19":{"class":"1반","count":0,"grade":"5학년","id":20},"2":{"class":"3반","count":0,"grade":"1학년","id":3},"20":{"class":"2반","count":0,"grade":"5학년","id":21},"21":{"class":"3반","count":0,"grade":"5학년","id":22},"22":{"class":"4반","count":0,"grade":"5학년","id":23},"23":{"class":"5반","count":0,"grade":"5학년","id":24},"24":{"class":"6반","count":0,"grade":"5학년","id":25},"25":{"class":"1반","count":0,"grade":"6학년","id":26},"26":{"class":"2반","count":327,"grade":"6학년","id":27},"27":{"class":"3반","count":0,"grade":"6학년","id":28},"28":{"class":"4반","count":0,"grade":"6학년","id":29},"29":{"class":"5반","count":0,"grade":"6학년","id":30},"3":{"class":"4반","count":0,"grade":"1학년","id":4},"30":{"class":"6반","count":0,"grade":"6학년","id":31},"31":{"class":"1반","count":0,"grade":"1학년","id":32},"32":{"class":"2반","count":0,"grade":"1학년","id":33},"33":{"class":"3반","count":0,"grade":"1학년","id":34},"34":{"class":"4반","count":0,"grade":"1학년","id":35},"35":{"class":"5반","count":0,"grade":"1학년","id":36},"36":{"class":"1반","count":0,"grade":"2학년","id":37},"37":{"class":"2반","count":0,"grade":"2학년","id":38},"38":{"class":"3반","count":0,"grade":"2학년","id":39},"39":{"class":"4반","count":0,"grade":"2학년","id":40},"4":{"class":"5반","count":0,"grade":"1학년","id":5},"40":{"class":"5반","count":0,"grade":"2학년","id":41},"41":{"class":"1반","count":0,"grade":"3학년","id":42},"42":{"class":"2반","count":0,"grade":"3학년","id":43},"43":{"class":"3반","count":0,"grade":"3학년","id":44},"44":{"class":"4반","count":0,"grade":"3학년","id":45},"45":{"class":"5반","count":0,"grade":"3학년","id":46},"46":{"class":"1반","count":0,"grade":"4학년","id":47},"47":{"class":"2반","count":0,"grade":"4학년","id":48},"48":{"class":"3반","count":0,"grade":"4학년","id":49},"49":{"class":"4반","count":0,"grade":"4학년","id":50},"5":{"class":"1반","count":0,"grade":"2학년","id":6},"50":{"class":"1반","count":0,"grade":"5학년","id":51},"51":{"class":"2반","count":0,"grade":"5학년","id":52},"52":{"class":"3반","count":0,"grade":"5학년","id":53},"53":{"class":"4반","count":0,"grade":"5학년","id":54},"54":{"class":"5반","count":0,"grade":"5학년","id":55},"55":{"class":"6반","count":0,"grade":"5학년","id":56},"56":{"class":"1반","count":0,"grade":"6학년","id":57},"57":{"class":"2반","count":137,"grade":"6학년","id":58},"58":{"class":"3반","count":0,"grade":"6학년","id":59},"59":{"class":"4반","count":0,"grade":"6학년","id":60},"6":{"class":"2반","count":0,"grade":"2학년","id":7},"60":{"class":"5반","count":0,"grade":"6학년","id":61},"61":{"class":"6반","count":0,"grade":"6학년","id":62},"62":{"class":"1반","count":0,"grade":"1학년","id":63},"63":{"class":"2반","count":0,"grade":"1학년","id":64},"64":{"class":"3반","count":0,"grade":"1학년","id":65},"65":{"class":"4반","count":0,"grade":"1학년","id":66},"66":{"class":"5반","count":0,"grade":"1학년","id":67},"67":{"class":"1반","count":0,"grade":"2학년","id":68},"68":{"class":"2반","count":0,"grade":"2학년","id":69},"69":{"class":"3반","count":0,"grade":"2학년","id":70},"7":{"class":"3반","count":0,"grade":"2학년","id":8},"70":{"class":"4반","count":0,"grade":"2학년","id":71},"71":{"class":"5반","count":0,"grade":"2학년","id":72},"72":{"class":"1반","count":0,"grade":"3학년","id":73},"73":{"class":"2반","count":0,"grade":"3학년","id":74},"74":{"class":"3반","count":0,"grade":"3학년","id":75},"75":{"class":"4반","count":0,"grade":"3학년","id":76},"76":{"class":"5반","count":0,"grade":"3학년","id":77},"77":{"class":"1반","count":0,"grade":"4학년","id":78},"78":{"class":"2반","count":0,"grade":"4학년","id":79},"79":{"class":"3반","count":0,"grade":"4학년","id":80},"8":{"class":"4반","count":0,"grade":"2학년","id":9},"80":{"class":"4반","count":0,"grade":"4학년","id":81},"81":{"class":"1반","count":0,"grade":"5학년","id":82},"82":{"class":"2반","count":0,"grade":"5학년","id":83},"83":{"class":"3반","count":0,"grade":"5학년","id":84},"84":{"class":"4반","count":0,"grade":"5학년","id":85},"85":{"class":"5반","count":0,"grade":"5학년","id":86},"86":{"class":"6반","count":0,"grade":"5학년","id":87},"87":{"class":"1반","count":0,"grade":"6학년","id":88},"88":{"class":"2반","count":0,"grade":"6학년","id":89},"89":{"class":"3반","count":0,"grade":"6학년","id":90},"9":{"class":"5반","count":0,"grade":"2학년","id":10},"90":{"class":"4반","count":0,"grade":"6학년","id":91},"91":{"class":"5반","count":0,"grade":"6학년","id":92},"92":{"class":"6반","count":0,"grade":"6학년","id":93},"level":"info","message":"Retrieved counts:","timestamp":"2024-05-27T05:59:40.143Z"}
{"level":"info","message":"Updated count for 6학년 2반","timestamp":"2024-05-27T05:59:44.523Z"}
{"class":"2반","count":328,"grade":"6학년","id":27,"level":"info","message":"Retrieved updated count:","timestamp":"2024-05-27T05:59:44.524Z"}
{"level":"info","message":"Updated count for 6학년 2반","timestamp":"2024-05-27T05:59:45.017Z"}
{"class":"2반","count":329,"grade":"6학년","id":27,"level":"info","message":"Retrieved updated count:","timestamp":"2024-05-27T05:59:45.019Z"}
{"level":"info","message":"Updated count for 6학년 2반","timestamp":"2024-05-27T05:59:45.448Z"}
{"class":"2반","count":330,"grade":"6학년","id":27,"level":"info","message":"Retrieved updated count:","timestamp":"2024-05-27T05:59:45.450Z"}
{"level":"info","message":"Updated count for 6학년 2반","timestamp":"2024-05-27T05:59:46.112Z"}
{"class":"2반","count":331,"grade":"6학년","id":27,"level":"info","message":"Retrieved updated count:","timestamp":"2024-05-27T05:59:46.113Z"}
{"level":"info","message":"Updated count for 6학년 2반","timestamp":"2024-05-27T05:59:46.576Z"}
{"class":"2반","count":332,"grade":"6학년","id":27,"level":"info","message":"Retrieved updated count:","timestamp":"2024-05-27T05:59:46.577Z"}
{"level":"info","message":"Updated count for 6학년 2반","timestamp":"2024-05-27T05:59:47.050Z"}
{"class":"2반","count":333,"grade":"6학년","id":27,"level":"info","message":"Retrieved updated count:","timestamp":"2024-05-27T05:59:47.051Z"}
{"level":"info","message":"Updated count for 6학년 2반","timestamp":"2024-05-27T05:59:47.515Z"}
{"class":"2반","count":334,"grade":"6학년","id":27,"level":"info","message":"Retrieved updated count:","timestamp":"2024-05-27T05:59:47.516Z"}
{"level":"info","message":"Updated count for 6학년 2반","timestamp":"2024-05-27T05:59:47.672Z"}
{"class":"2반","count":335,"grade":"6학년","id":27,"level":"info","message":"Retrieved updated count:","timestamp":"2024-05-27T05:59:47.674Z"}
{"level":"info","message":"Updated count for 6학년 2반","timestamp":"2024-05-27T05:59:47.915Z"}
{"class":"2반","count":336,"grade":"6학년","id":27,"level":"info","message":"Retrieved updated count:","timestamp":"2024-05-27T05:59:47.916Z"}
{"level":"info","message":"Updated count for 6학년 2반","timestamp":"2024-05-27T05:59:48.158Z"}
{"class":"2반","count":337,"grade":"6학년","id":27,"level":"info","message":"Retrieved updated count:","timestamp":"2024-05-27T05:59:48.159Z"}
{"level":"info","message":"Updated count for 6학년 2반","timestamp":"2024-05-27T05:59:48.429Z"}
{"class":"2반","count":338,"grade":"6학년","id":27,"level":"info","message":"Retrieved updated count:","timestamp":"2024-05-27T05:59:48.430Z"}
{"level":"info","message":"Updated count for 6학년 2반","timestamp":"2024-05-27T05:59:48.660Z"}
{"class":"2반","count":339,"grade":"6학년","id":27,"level":"info","message":"Retrieved updated count:","timestamp":"2024-05-27T05:59:48.661Z"}
{"level":"info","message":"Updated count for 6학년 2반","timestamp":"2024-05-27T05:59:48.845Z"}
{"class":"2반","count":340,"grade":"6학년","id":27,"level":"info","message":"Retrieved updated count:","timestamp":"2024-05-27T05:59:48.846Z"}
{"level":"info","message":"Updated count for 6학년 2반","timestamp":"2024-05-27T05:59:49.131Z"}
{"class":"2반","count":341,"grade":"6학년","id":27,"level":"info","message":"Retrieved updated count:","timestamp":"2024-05-27T05:59:49.132Z"}
{"level":"info","message":"Updated count for 6학년 2반","timestamp":"2024-05-27T05:59:49.327Z"}
{"class":"2반","count":342,"grade":"6학년","id":27,"level":"info","message":"Retrieved updated count:","timestamp":"2024-05-27T05:59:49.328Z"}
{"level":"info","message":"Updated count for 6학년 2반","timestamp":"2024-05-27T05:59:49.620Z"}
{"class":"2반","count":343,"grade":"6학년","id":27,"level":"info","message":"Retrieved updated count:","timestamp":"2024-05-27T05:59:49.621Z"}
{"level":"info","message":"Updated count for 6학년 2반","timestamp":"2024-05-27T05:59:49.852Z"}
{"class":"2반","count":344,"grade":"6학년","id":27,"level":"info","message":"Retrieved updated count:","timestamp":"2024-05-27T05:59:49.853Z"}
{"level":"info","message":"Updated count for 6학년 2반","timestamp":"2024-05-27T05:59:50.027Z"}
{"class":"2반","count":345,"grade":"6학년","id":27,"level":"info","message":"Retrieved updated count:","timestamp":"2024-05-27T05:59:50.028Z"}
